<?xml version="1.0" encoding="UTF-8"?>
<!-- Generated by org.testng.reporters.JUnitXMLReporter -->
<testsuite ignored="0" hostname="hp-pc" failures="1" tests="3" name="chrome" time="29.051" errors="0" timestamp="2023-03-22T03:58:06 IST">
  <testcase classname="hrm_TEST.LoginTestCase" name="VerifyLoginWithcorrectData" time="3.024"/>
  <testcase classname="hrm_TEST.LoginTestCase" name="verifyisDisp" time="0.075"/>
  <testcase classname="hrm_TEST.LoginTestCase" name="VerifyLoginWithIncorrectData" time="3.683">
    <failure type="java.lang.AssertionError" message="The following asserts failed:
	did not expect [https://opensource-demo.orangehrmlive.com/web/index.php/dashboard/index] but found [https://opensource-demo.orangehrmlive.com/web/index.php/dashboard/index]">
      <![CDATA[java.lang.AssertionError: The following asserts failed:
did not expect [https://opensource-demo.orangehrmlive.com/web/index.php/dashboard/index] but found [https://opensource-demo.orangehrmlive.com/web/index.php/dashboard/index]
at hrm_TEST.LoginTestCase.VerifyLoginWithIncorrectData(LoginTestCase.java:89)
at java.base/java.util.ArrayList.forEach(ArrayList.java:1511)
... Removed 29 stack frames]]>
    </failure>
  </testcase> <!-- VerifyLoginWithIncorrectData -->
</testsuite> <!-- chrome -->
