<?xml version="1.0" encoding="UTF-8"?>
<testng-results ignored="0" total="3" passed="2" failed="1" skipped="0">
  <reporter-output>
  </reporter-output>
  <suite started-at="2023-03-22T03:57:37 IST" name="Suite" finished-at="2023-03-22T03:58:06 IST" duration-ms="29051">
    <groups>
    </groups>
    <test started-at="2023-03-22T03:57:37 IST" name="chrome" finished-at="2023-03-22T03:58:06 IST" duration-ms="29051">
      <class name="hrm_TEST.LoginTestCase">
        <test-method is-config="true" signature="beforeTest(java.lang.String)[pri:0, instance:hrm_TEST.LoginTestCase@53aac487]" started-at="2023-03-22T03:57:37 IST" name="beforeTest" finished-at="2023-03-22T03:57:48 IST" duration-ms="11230" status="PASS">
          <params>
            <param index="0">
              <value>
                <![CDATA[chrome]]>
              </value>
            </param>
          </params>
          <reporter-output>
          </reporter-output>
        </test-method> <!-- beforeTest -->
        <test-method is-config="true" signature="beforeClass()[pri:0, instance:hrm_TEST.LoginTestCase@53aac487]" started-at="2023-03-22T03:57:48 IST" name="beforeClass" finished-at="2023-03-22T03:57:48 IST" duration-ms="49" status="PASS">
          <reporter-output>
          </reporter-output>
        </test-method> <!-- beforeClass -->
        <test-method is-config="true" signature="beforeMethod()[pri:0, instance:hrm_TEST.LoginTestCase@53aac487]" started-at="2023-03-22T03:57:48 IST" name="beforeMethod" finished-at="2023-03-22T03:57:48 IST" duration-ms="1" status="PASS">
          <reporter-output>
          </reporter-output>
        </test-method> <!-- beforeMethod -->
        <test-method signature="VerifyLoginWithcorrectData()[pri:0, instance:hrm_TEST.LoginTestCase@53aac487]" started-at="2023-03-22T03:57:48 IST" name="VerifyLoginWithcorrectData" finished-at="2023-03-22T03:57:52 IST" duration-ms="3024" status="PASS">
          <reporter-output>
          </reporter-output>
        </test-method> <!-- VerifyLoginWithcorrectData -->
        <test-method is-config="true" signature="afterMethod(org.testng.ITestResult)[pri:0, instance:hrm_TEST.LoginTestCase@53aac487]" started-at="2023-03-22T03:57:52 IST" name="afterMethod" finished-at="2023-03-22T03:57:55 IST" duration-ms="3629" status="PASS">
          <params>
            <param index="0">
              <value>
                <![CDATA[[TestResult name=VerifyLoginWithcorrectData status=SUCCESS method=LoginTestCase.VerifyLoginWithcorrectData()[pri:0, instance:hrm_TEST.LoginTestCase@53aac487] output={null}]]]>
              </value>
            </param>
          </params>
          <reporter-output>
          </reporter-output>
        </test-method> <!-- afterMethod -->
        <test-method is-config="true" signature="beforeMethod()[pri:0, instance:hrm_TEST.LoginTestCase@53aac487]" started-at="2023-03-22T03:57:55 IST" name="beforeMethod" finished-at="2023-03-22T03:57:55 IST" duration-ms="2" status="PASS">
          <reporter-output>
          </reporter-output>
        </test-method> <!-- beforeMethod -->
        <test-method signature="verifyisDisp()[pri:0, instance:hrm_TEST.LoginTestCase@53aac487]" started-at="2023-03-22T03:57:55 IST" name="verifyisDisp" finished-at="2023-03-22T03:57:55 IST" depends-on-methods="hrm_TEST.LoginTestCase.VerifyLoginWithcorrectData" duration-ms="75" status="PASS">
          <reporter-output>
          </reporter-output>
        </test-method> <!-- verifyisDisp -->
        <test-method is-config="true" signature="afterMethod(org.testng.ITestResult)[pri:0, instance:hrm_TEST.LoginTestCase@53aac487]" started-at="2023-03-22T03:57:55 IST" name="afterMethod" finished-at="2023-03-22T03:57:58 IST" duration-ms="3106" status="PASS">
          <params>
            <param index="0">
              <value>
                <![CDATA[[TestResult name=verifyisDisp status=SUCCESS method=LoginTestCase.verifyisDisp()[pri:0, instance:hrm_TEST.LoginTestCase@53aac487] output={null}]]]>
              </value>
            </param>
          </params>
          <reporter-output>
          </reporter-output>
        </test-method> <!-- afterMethod -->
        <test-method is-config="true" signature="beforeMethod()[pri:0, instance:hrm_TEST.LoginTestCase@53aac487]" started-at="2023-03-22T03:57:58 IST" name="beforeMethod" finished-at="2023-03-22T03:57:58 IST" duration-ms="1" status="PASS">
          <reporter-output>
          </reporter-output>
        </test-method> <!-- beforeMethod -->
        <test-method signature="VerifyLoginWithIncorrectData()[pri:1, instance:hrm_TEST.LoginTestCase@53aac487]" started-at="2023-03-22T03:57:58 IST" name="VerifyLoginWithIncorrectData" finished-at="2023-03-22T03:58:02 IST" duration-ms="3683" status="FAIL">
          <exception class="java.lang.AssertionError">
            <message>
              <![CDATA[The following asserts failed:
did not expect [https://opensource-demo.orangehrmlive.com/web/index.php/dashboard/index] but found [https://opensource-demo.orangehrmlive.com/web/index.php/dashboard/index]]]>
            </message>
            <full-stacktrace>
              <![CDATA[java.lang.AssertionError: The following asserts failed:
did not expect [https://opensource-demo.orangehrmlive.com/web/index.php/dashboard/index] but found [https://opensource-demo.orangehrmlive.com/web/index.php/dashboard/index]
at org.testng.asserts.SoftAssert.assertAll(SoftAssert.java:47)
at org.testng.asserts.SoftAssert.assertAll(SoftAssert.java:31)
at hrm_TEST.LoginTestCase.VerifyLoginWithIncorrectData(LoginTestCase.java:89)
at java.base/jdk.internal.reflect.NativeMethodAccessorImpl.invoke0(Native Method)
at java.base/jdk.internal.reflect.NativeMethodAccessorImpl.invoke(NativeMethodAccessorImpl.java:77)
at java.base/jdk.internal.reflect.DelegatingMethodAccessorImpl.invoke(DelegatingMethodAccessorImpl.java:43)
at java.base/java.lang.reflect.Method.invoke(Method.java:568)
at org.testng.internal.MethodInvocationHelper.invokeMethod(MethodInvocationHelper.java:133)
at org.testng.internal.TestInvoker.invokeMethod(TestInvoker.java:598)
at org.testng.internal.TestInvoker.invokeTestMethod(TestInvoker.java:173)
at org.testng.internal.MethodRunner.runInSequence(MethodRunner.java:46)
at org.testng.internal.TestInvoker$MethodInvocationAgent.invoke(TestInvoker.java:824)
at org.testng.internal.TestInvoker.invokeTestMethods(TestInvoker.java:146)
at org.testng.internal.TestMethodWorker.invokeTestMethods(TestMethodWorker.java:146)
at org.testng.internal.TestMethodWorker.run(TestMethodWorker.java:128)
at java.base/java.util.ArrayList.forEach(ArrayList.java:1511)
at org.testng.TestRunner.privateRun(TestRunner.java:794)
at org.testng.TestRunner.run(TestRunner.java:596)
at org.testng.SuiteRunner.runTest(SuiteRunner.java:377)
at org.testng.SuiteRunner.runSequentially(SuiteRunner.java:371)
at org.testng.SuiteRunner.privateRun(SuiteRunner.java:332)
at org.testng.SuiteRunner.run(SuiteRunner.java:276)
at org.testng.SuiteRunnerWorker.runSuite(SuiteRunnerWorker.java:53)
at org.testng.SuiteRunnerWorker.run(SuiteRunnerWorker.java:96)
at org.testng.TestNG.runSuitesSequentially(TestNG.java:1212)
at org.testng.TestNG.runSuitesLocally(TestNG.java:1134)
at org.testng.TestNG.runSuites(TestNG.java:1063)
at org.testng.TestNG.run(TestNG.java:1031)
at org.testng.remote.AbstractRemoteTestNG.run(AbstractRemoteTestNG.java:115)
at org.testng.remote.RemoteTestNG.initAndRun(RemoteTestNG.java:251)
at org.testng.remote.RemoteTestNG.main(RemoteTestNG.java:77)
]]>
            </full-stacktrace>
          </exception> <!-- java.lang.AssertionError -->
          <reporter-output>
          </reporter-output>
        </test-method> <!-- VerifyLoginWithIncorrectData -->
        <test-method is-config="true" signature="afterMethod(org.testng.ITestResult)[pri:0, instance:hrm_TEST.LoginTestCase@53aac487]" started-at="2023-03-22T03:58:02 IST" name="afterMethod" finished-at="2023-03-22T03:58:05 IST" duration-ms="3373" status="PASS">
          <params>
            <param index="0">
              <value>
                <![CDATA[[TestResult name=VerifyLoginWithIncorrectData status=FAILURE method=LoginTestCase.VerifyLoginWithIncorrectData()[pri:1, instance:hrm_TEST.LoginTestCase@53aac487] output={null}]]]>
              </value>
            </param>
          </params>
          <reporter-output>
          </reporter-output>
        </test-method> <!-- afterMethod -->
        <test-method is-config="true" signature="afterTest()[pri:0, instance:hrm_TEST.LoginTestCase@53aac487]" started-at="2023-03-22T03:58:05 IST" name="afterTest" finished-at="2023-03-22T03:58:06 IST" duration-ms="787" status="PASS">
          <reporter-output>
          </reporter-output>
        </test-method> <!-- afterTest -->
      </class> <!-- hrm_TEST.LoginTestCase -->
    </test> <!-- chrome -->
  </suite> <!-- Suite -->
</testng-results>
